<?xml version="1.0" encoding="UTF-8"?>
<!-- Generated by org.testng.reporters.JUnitXMLReporter -->
<testsuite ignored="0" hostname="KANINI-LTP-844" failures="1" tests="3" name="Functional_Test" time="0.224" errors="0" timestamp="2025-06-07T22:42:28 IST">
  <testcase classname="base.Setup" name="@BeforeMethod launchURL" time="0.014">
    <failure type="java.lang.NullPointerException" message="Cannot invoke &amp;quot;java.util.Properties.getProperty(String)&amp;quot; because &amp;quot;resources.ConfigureReaderFile.prop&amp;quot; is null">
      <![CDATA[java.lang.NullPointerException: Cannot invoke "java.util.Properties.getProperty(String)" because "resources.ConfigureReaderFile.prop" is null
at resources.ConfigureReaderFile.getProperty(ConfigureReaderFile.java:28)
at base.Setup.launchURL(Setup.java:29)
at java.base/java.util.ArrayList.forEach(ArrayList.java:1596)
... Removed 29 stack frames]]>
    </failure>
  </testcase> <!-- @BeforeMethod launchURL -->
  <testcase classname="base.Setup" name="@AfterMethod CloseBrowser" time="0.002">
    <failure type="java.lang.NullPointerException" message="Cannot invoke &amp;quot;org.openqa.selenium.WebDriver.close()&amp;quot; because &amp;quot;this.driver&amp;quot; is null">
      <![CDATA[java.lang.NullPointerException: Cannot invoke "org.openqa.selenium.WebDriver.close()" because "this.driver" is null
at base.Setup.CloseBrowser(Setup.java:64)
at java.base/java.util.ArrayList.forEach(ArrayList.java:1596)
... Removed 30 stack frames]]>
    </failure>
  </testcase> <!-- @AfterMethod CloseBrowser -->
  <testcase classname="base.Setup" name="@BeforeMethod launchURL" time="0.001">
    <failure type="java.lang.NullPointerException" message="Cannot invoke &amp;quot;java.util.Properties.getProperty(String)&amp;quot; because &amp;quot;resources.ConfigureReaderFile.prop&amp;quot; is null">
      <![CDATA[java.lang.NullPointerException: Cannot invoke "java.util.Properties.getProperty(String)" because "resources.ConfigureReaderFile.prop" is null
at resources.ConfigureReaderFile.getProperty(ConfigureReaderFile.java:28)
at base.Setup.launchURL(Setup.java:29)
at java.base/java.util.ArrayList.forEach(ArrayList.java:1596)
... Removed 29 stack frames]]>
    </failure>
  </testcase> <!-- @BeforeMethod launchURL -->
  <testcase classname="base.Setup" name="@AfterMethod CloseBrowser" time="0.001">
    <failure type="java.lang.NullPointerException" message="Cannot invoke &amp;quot;org.openqa.selenium.WebDriver.close()&amp;quot; because &amp;quot;this.driver&amp;quot; is null">
      <![CDATA[java.lang.NullPointerException: Cannot invoke "org.openqa.selenium.WebDriver.close()" because "this.driver" is null
at base.Setup.CloseBrowser(Setup.java:64)
at java.base/java.util.ArrayList.forEach(ArrayList.java:1596)
... Removed 30 stack frames]]>
    </failure>
  </testcase> <!-- @AfterMethod CloseBrowser -->
  <testcase classname="tests.LoginTest" name="TC_01_Login_WithValidCredentials_Should_NavigateTo_Appointment" time="0.0">
    <skipped/>
  </testcase> <!-- TC_01_Login_WithValidCredentials_Should_NavigateTo_Appointment -->
  <testcase classname="tests.LoginTest" name="TC_02_Login_WithInvalidCredentials_ShouldShowErrorMessage" time="0.0">
    <skipped/>
  </testcase> <!-- TC_02_Login_WithInvalidCredentials_ShouldShowErrorMessage -->
  <testcase classname="tests.AppointmentBookingTest" name="TC03_BookAppointment_WithValidDetails_ShouldShowConfirmation" time="0.098">
    <failure type="java.lang.IllegalArgumentException" message="Input must be set">
      <![CDATA[java.lang.IllegalArgumentException: Input must be set
at org.openqa.selenium.internal.Require.nonNull(Require.java:60)
at org.openqa.selenium.support.ui.FluentWait.<init>(FluentWait.java:94)
at org.openqa.selenium.support.ui.WebDriverWait.<init>(WebDriverWait.java:74)
at org.openqa.selenium.support.ui.WebDriverWait.<init>(WebDriverWait.java:43)
at utility.Class.Explicit_waits.waitAppearElement(Explicit_waits.java:22)
at pages.AppointmentPage.bookAppointment(AppointmentPage.java:56)
at tests.AppointmentBookingTest.TC03_BookAppointment_WithValidDetails_ShouldShowConfirmation(AppointmentBookingTest.java:19)
at java.base/java.util.ArrayList.forEach(ArrayList.java:1596)
... Removed 25 stack frames]]>
    </failure>
  </testcase> <!-- TC03_BookAppointment_WithValidDetails_ShouldShowConfirmation -->
</testsuite> <!-- Functional_Test -->
