<?xml version="1.0" encoding="UTF-8"?>
<testng-results ignored="0" total="3" passed="2" failed="1" skipped="0">
  <reporter-output>
  </reporter-output>
  <suite started-at="2025-06-16T18:58:03 IST" name="Suite" finished-at="2025-06-16T18:58:30 IST" duration-ms="27447">
    <groups>
    </groups>
    <test started-at="2025-06-16T18:58:03 IST" name="Test" finished-at="2025-06-16T18:58:30 IST" duration-ms="27447">
      <class name="tests.LoginNegativeTest">
        <test-method is-config="true" signature="launchURL()[pri:0, instance:tests.LoginNegativeTest@27adc16e]" started-at="2025-06-16T18:58:22 IST" name="launchURL" finished-at="2025-06-16T18:58:29 IST" duration-ms="7614" status="PASS">
          <reporter-output>
          </reporter-output>
        </test-method> <!-- launchURL -->
        <test-method signature="TC_03_Login_WithInvalidCredentials_ShouldShowErrorMessage()[pri:0, instance:tests.LoginNegativeTest@27adc16e]" started-at="2025-06-16T18:58:29 IST" name="TC_03_Login_WithInvalidCredentials_ShouldShowErrorMessage" finished-at="2025-06-16T18:58:30 IST" duration-ms="770" status="PASS">
          <reporter-output>
          </reporter-output>
        </test-method> <!-- TC_03_Login_WithInvalidCredentials_ShouldShowErrorMessage -->
        <test-method is-config="true" signature="CloseBrowser()[pri:0, instance:tests.LoginNegativeTest@27adc16e]" started-at="2025-06-16T18:58:30 IST" name="CloseBrowser" finished-at="2025-06-16T18:58:30 IST" duration-ms="65" status="PASS">
          <reporter-output>
          </reporter-output>
        </test-method> <!-- CloseBrowser -->
      </class> <!-- tests.LoginNegativeTest -->
      <class name="tests.Functional_Appointment_TC">
        <test-method is-config="true" signature="launchURL()[pri:0, instance:tests.Functional_Appointment_TC@6a57ae10]" started-at="2025-06-16T18:58:03 IST" name="launchURL" finished-at="2025-06-16T18:58:10 IST" duration-ms="7337" status="PASS">
          <reporter-output>
          </reporter-output>
        </test-method> <!-- launchURL -->
        <test-method is-config="true" signature="loginToApp()[pri:0, instance:tests.Functional_Appointment_TC@6a57ae10]" started-at="2025-06-16T18:58:10 IST" name="loginToApp" finished-at="2025-06-16T18:58:13 IST" duration-ms="3029" status="PASS">
          <reporter-output>
          </reporter-output>
        </test-method> <!-- loginToApp -->
        <test-method signature="TC00_VerifyLoginRedirectsToAppointmentPage()[pri:1, instance:tests.Functional_Appointment_TC@6a57ae10]" started-at="2025-06-16T18:58:13 IST" name="TC00_VerifyLoginRedirectsToAppointmentPage" finished-at="2025-06-16T18:58:13 IST" duration-ms="16" status="FAIL">
          <exception class="java.lang.AssertionError">
            <message>
              <![CDATA[Appointment page is not displayed expected [true] but found [false]]]>
            </message>
            <full-stacktrace>
              <![CDATA[java.lang.AssertionError: Appointment page is not displayed expected [true] but found [false]
at org.testng.Assert.fail(Assert.java:111)
at org.testng.Assert.failNotEquals(Assert.java:1578)
at org.testng.Assert.assertTrue(Assert.java:57)
at tests.Functional_Appointment_TC.TC00_VerifyLoginRedirectsToAppointmentPage(Functional_Appointment_TC.java:31)
at java.base/jdk.internal.reflect.DirectMethodHandleAccessor.invoke(DirectMethodHandleAccessor.java:103)
at java.base/java.lang.reflect.Method.invoke(Method.java:580)
at org.testng.internal.invokers.MethodInvocationHelper.invokeMethod(MethodInvocationHelper.java:141)
at org.testng.internal.invokers.TestInvoker.invokeMethod(TestInvoker.java:686)
at org.testng.internal.invokers.TestInvoker.invokeTestMethod(TestInvoker.java:230)
at org.testng.internal.invokers.MethodRunner.runInSequence(MethodRunner.java:63)
at org.testng.internal.invokers.TestInvoker$MethodInvocationAgent.invoke(TestInvoker.java:992)
at org.testng.internal.invokers.TestInvoker.invokeTestMethods(TestInvoker.java:203)
at org.testng.internal.invokers.TestMethodWorker.invokeTestMethods(TestMethodWorker.java:154)
at org.testng.internal.invokers.TestMethodWorker.run(TestMethodWorker.java:134)
at java.base/java.util.ArrayList.forEach(ArrayList.java:1596)
at org.testng.TestRunner.privateRun(TestRunner.java:739)
at org.testng.TestRunner.run(TestRunner.java:614)
at org.testng.SuiteRunner.runTest(SuiteRunner.java:421)
at org.testng.SuiteRunner.runSequentially(SuiteRunner.java:413)
at org.testng.SuiteRunner.privateRun(SuiteRunner.java:373)
at org.testng.SuiteRunner.run(SuiteRunner.java:312)
at org.testng.SuiteRunnerWorker.runSuite(SuiteRunnerWorker.java:52)
at org.testng.SuiteRunnerWorker.run(SuiteRunnerWorker.java:95)
at org.testng.TestNG.runSuitesSequentially(TestNG.java:1274)
at org.testng.TestNG.runSuitesLocally(TestNG.java:1208)
at org.testng.TestNG.runSuites(TestNG.java:1112)
at org.testng.TestNG.run(TestNG.java:1079)
at org.testng.remote.AbstractRemoteTestNG.run(AbstractRemoteTestNG.java:115)
at org.testng.remote.RemoteTestNG.initAndRun(RemoteTestNG.java:293)
at org.testng.remote.RemoteTestNG.main(RemoteTestNG.java:91)
]]>
            </full-stacktrace>
          </exception> <!-- java.lang.AssertionError -->
          <reporter-output>
          </reporter-output>
        </test-method> <!-- TC00_VerifyLoginRedirectsToAppointmentPage -->
        <test-method is-config="true" signature="CloseBrowser()[pri:0, instance:tests.Functional_Appointment_TC@6a57ae10]" started-at="2025-06-16T18:58:13 IST" name="CloseBrowser" finished-at="2025-06-16T18:58:13 IST" duration-ms="77" status="PASS">
          <reporter-output>
          </reporter-output>
        </test-method> <!-- CloseBrowser -->
        <test-method is-config="true" signature="launchURL()[pri:0, instance:tests.Functional_Appointment_TC@6a57ae10]" started-at="2025-06-16T18:58:13 IST" name="launchURL" finished-at="2025-06-16T18:58:20 IST" duration-ms="6577" status="PASS">
          <reporter-output>
          </reporter-output>
        </test-method> <!-- launchURL -->
        <test-method is-config="true" signature="loginToApp()[pri:0, instance:tests.Functional_Appointment_TC@6a57ae10]" started-at="2025-06-16T18:58:20 IST" name="loginToApp" finished-at="2025-06-16T18:58:20 IST" duration-ms="162" status="PASS">
          <reporter-output>
          </reporter-output>
        </test-method> <!-- loginToApp -->
        <test-method signature="TC01_BookAppointment_ShouldShowConfirmation()[pri:2, instance:tests.Functional_Appointment_TC@6a57ae10]" started-at="2025-06-16T18:58:20 IST" name="TC01_BookAppointment_ShouldShowConfirmation" finished-at="2025-06-16T18:58:22 IST" duration-ms="1388" status="PASS">
          <reporter-output>
          </reporter-output>
        </test-method> <!-- TC01_BookAppointment_ShouldShowConfirmation -->
        <test-method is-config="true" signature="CloseBrowser()[pri:0, instance:tests.Functional_Appointment_TC@6a57ae10]" started-at="2025-06-16T18:58:22 IST" name="CloseBrowser" finished-at="2025-06-16T18:58:22 IST" duration-ms="98" status="PASS">
          <reporter-output>
          </reporter-output>
        </test-method> <!-- CloseBrowser -->
      </class> <!-- tests.Functional_Appointment_TC -->
    </test> <!-- Test -->
  </suite> <!-- Suite -->
</testng-results>
